2024-12-12 10:32:17,472 - GimnasioApp - INFO - Iniciando la APP
2024-12-12 10:32:17,517 - GimnasioApp - INFO - Base de datos inicializada correctamente
2024-12-12 10:32:22,742 - GimnasioApp - INFO - Iniciando Dashboard con rol: Administrador
2024-12-12 10:32:22,744 - GimnasioApp - INFO - Mostrando Tabla Clientes Clientes...
2024-12-12 10:32:22,748 - GimnasioApp - INFO - Mostrando Tabla de planes
2024-12-12 10:32:22,751 - GimnasioApp - INFO - Usuario actual registrado en la sesión: admin
2024-12-12 10:32:22,752 - GimnasioApp - INFO - Mostrando Tabla de pagos
2024-12-12 10:32:22,752 - GimnasioApp - INFO - Búsqueda Cliente: 
2024-12-12 10:32:22,752 - GimnasioApp - INFO - Planes obtenidos: ['MENSUAL - $500.00']
2024-12-12 10:32:22,754 - GimnasioApp - INFO - Pagos cargados: []
2024-12-12 10:32:22,760 - GimnasioApp - INFO - Inicializando la ventana de Gestión de Contratos
2024-12-12 10:32:22,768 - GimnasioApp - INFO - Mostrando Tabla de Usuarios
2024-12-12 10:32:26,402 - GimnasioApp - INFO - Gestión de Contratos mostrada correctamente.
2024-12-12 10:33:32,880 - GimnasioApp - INFO - Iniciando Dashboard con rol: Administrador
2024-12-12 10:33:32,881 - GimnasioApp - INFO - Mostrando Tabla Clientes Clientes...
2024-12-12 10:33:32,884 - GimnasioApp - INFO - Mostrando Tabla de planes
2024-12-12 10:33:32,887 - GimnasioApp - INFO - Usuario actual registrado en la sesión: admin
2024-12-12 10:33:32,888 - GimnasioApp - INFO - Mostrando Tabla de pagos
2024-12-12 10:33:32,888 - GimnasioApp - INFO - Búsqueda Cliente: 
2024-12-12 10:33:32,888 - GimnasioApp - INFO - Planes obtenidos: ['MENSUAL - $500.00']
2024-12-12 10:33:32,890 - GimnasioApp - INFO - Pagos cargados: []
2024-12-12 10:33:32,897 - GimnasioApp - INFO - Inicializando la ventana de Gestión de Contratos
2024-12-12 10:33:32,906 - GimnasioApp - INFO - Mostrando Tabla de Usuarios
2024-12-12 10:34:13,413 - GimnasioApp - INFO - Usuario actual registrado en la sesión: admin
2024-12-12 10:34:13,417 - GimnasioApp - INFO - Pago registrado: Cliente DEMO CLIENTE, Plan MENSUAL, Monto 500.00, Usuario admin
2024-12-12 10:34:13,418 - GimnasioApp - INFO - Pagos cargados: [(1, 'DEMO CLIENTE', 500.0, '2024-12-12', 1)]
2024-12-12 10:34:34,891 - PIL.PngImagePlugin - DEBUG - STREAM b'IHDR' 16 13
2024-12-12 10:34:34,891 - PIL.PngImagePlugin - DEBUG - STREAM b'IDAT' 41 1598
2024-12-12 10:34:41,403 - GimnasioApp - INFO - Ticket generado para el pago: 1
2024-12-12 10:35:41,356 - GimnasioApp - INFO - Usuario actual registrado en la sesión: admin
2024-12-12 10:35:41,359 - GimnasioApp - INFO - Pago registrado: Cliente JUAN MARTINEZ, Plan MENSUAL, Monto 500.00, Usuario admin
2024-12-12 10:35:41,360 - GimnasioApp - INFO - Pagos cargados: [(1, 'DEMO CLIENTE', 500.0, '2024-12-12', 1), (2, 'JUAN MARTINEZ', 500.0, '2024-12-12', 1)]
2024-12-12 10:35:43,966 - PIL.PngImagePlugin - DEBUG - STREAM b'IHDR' 16 13
2024-12-12 10:35:43,966 - PIL.PngImagePlugin - DEBUG - STREAM b'IDAT' 41 1582
2024-12-12 10:35:50,733 - GimnasioApp - INFO - Ticket generado para el pago: 2
2024-12-12 10:35:52,993 - GimnasioApp - INFO - Pagos obtenidos: [(1, 'DEMO CLIENTE', 500.0, '2024-12-12'), (2, 'JUAN MARTINEZ', 500.0, '2024-12-12')]
2024-12-12 10:35:52,994 - GimnasioApp - INFO - Movimientos obtenidos: []
2024-12-12 10:35:53,004 - PIL.PngImagePlugin - DEBUG - STREAM b'IHDR' 16 13
2024-12-12 10:35:53,004 - PIL.PngImagePlugin - DEBUG - STREAM b'IDAT' 41 804
2024-12-12 10:35:54,374 - GimnasioApp - INFO - Corte de caja generado por Admin: Desde 2024-12-12 Hasta 2024-12-12
2024-12-12 10:36:51,583 - GimnasioApp - INFO - Pagos obtenidos: [(1, 'DEMO CLIENTE', 500.0, '2024-12-12'), (2, 'JUAN MARTINEZ', 500.0, '2024-12-12')]
2024-12-12 10:36:51,584 - GimnasioApp - INFO - Movimientos obtenidos: [('ENTRADA', 3000.0, 'fondo', '2024-12-12 10:36:27'), ('SALIDA', 1500.0, 'provedor proteinas', '2024-12-12 10:36:47')]
2024-12-12 10:36:51,594 - PIL.PngImagePlugin - DEBUG - STREAM b'IHDR' 16 13
2024-12-12 10:36:51,594 - PIL.PngImagePlugin - DEBUG - STREAM b'IDAT' 41 804
2024-12-12 10:36:53,141 - GimnasioApp - INFO - Corte de caja generado por Admin: Desde 2024-12-12 Hasta 2024-12-12
2024-12-12 10:37:04,110 - GimnasioApp - INFO - Gestión de Contratos mostrada correctamente.
2024-12-12 10:37:42,400 - PIL.PngImagePlugin - DEBUG - STREAM b'IHDR' 16 13
2024-12-12 10:37:42,401 - PIL.PngImagePlugin - DEBUG - STREAM b'pHYs' 41 9
2024-12-12 10:37:42,401 - PIL.PngImagePlugin - DEBUG - STREAM b'IDAT' 62 680
2024-12-12 10:38:07,036 - GimnasioApp - INFO - Gestión de Contratos mostrada correctamente.
2024-12-12 10:38:29,708 - GimnasioApp - INFO - Saliendo del Sistema
2024-12-17 17:07:20,693 - GimnasioApp - INFO - Iniciando la APP
2024-12-17 17:07:20,693 - GimnasioApp - INFO - Base de datos inicializada correctamente
2024-12-17 17:07:26,977 - GimnasioApp - INFO - Iniciando Dashboard con rol: Administrador
2024-12-17 17:07:26,979 - GimnasioApp - INFO - Mostrando Tabla Clientes Clientes...
2024-12-17 17:07:26,983 - GimnasioApp - INFO - Mostrando Tabla de planes
2024-12-17 17:07:26,985 - GimnasioApp - INFO - Usuario actual registrado en la sesión: admin
2024-12-17 17:07:26,986 - GimnasioApp - INFO - Mostrando Tabla de pagos
2024-12-17 17:07:26,986 - GimnasioApp - INFO - Búsqueda Cliente: 
2024-12-17 17:07:26,986 - GimnasioApp - INFO - Planes obtenidos: ['MENSUAL - $500.00', 'MEMBRESIA - $500.00']
2024-12-17 17:07:26,988 - GimnasioApp - INFO - Pagos cargados: [(1, 'DEMO CLIENTE', 500.0, '2024-12-12', 1), (2, 'JUAN MARTINEZ', 500.0, '2024-12-12', 1)]
2024-12-17 17:07:26,993 - GimnasioApp - INFO - Inicializando la ventana de Gestión de Contratos
2024-12-17 17:07:27,000 - GimnasioApp - INFO - Mostrando Tabla de Usuarios
2024-12-17 17:07:34,155 - GimnasioApp - INFO - Saliendo del Sistema
2024-12-17 19:28:39,363 - GimnasioApp - INFO - Iniciando la APP
2024-12-17 19:28:39,363 - GimnasioApp - INFO - Base de datos inicializada correctamente
2024-12-17 19:29:37,520 - GimnasioApp - INFO - Iniciando Dashboard con rol: SysAdmin
2024-12-17 19:29:37,522 - GimnasioApp - INFO - Mostrando Tabla Clientes Clientes...
2024-12-17 19:29:37,525 - GimnasioApp - INFO - Mostrando Tabla de planes
2024-12-17 19:29:37,527 - GimnasioApp - INFO - Usuario actual registrado en la sesión: sysadmin
2024-12-17 19:29:37,527 - GimnasioApp - INFO - Mostrando Tabla de pagos
2024-12-17 19:29:37,528 - GimnasioApp - INFO - Búsqueda Cliente: 
2024-12-17 19:29:37,528 - GimnasioApp - INFO - Planes obtenidos: ['MENSUAL - $500.00', 'MEMBRESIA - $500.00']
2024-12-17 19:29:37,529 - GimnasioApp - INFO - Pagos cargados: [(1, 'DEMO CLIENTE', 500.0, '2024-12-12', 1), (2, 'JUAN MARTINEZ', 500.0, '2024-12-12', 1)]
2024-12-17 19:29:37,535 - GimnasioApp - INFO - Inicializando la ventana de Gestión de Contratos
2024-12-17 19:29:37,543 - GimnasioApp - INFO - Mostrando Tabla de Usuarios
2024-12-17 19:31:34,163 - GimnasioApp - INFO - Iniciando Dashboard con rol: Administrador
2024-12-17 19:31:34,164 - GimnasioApp - INFO - Mostrando Tabla Clientes Clientes...
2024-12-17 19:31:34,168 - GimnasioApp - INFO - Mostrando Tabla de planes
2024-12-17 19:31:34,171 - GimnasioApp - INFO - Usuario actual registrado en la sesión: admin
2024-12-17 19:31:34,172 - GimnasioApp - INFO - Mostrando Tabla de pagos
2024-12-17 19:31:34,172 - GimnasioApp - INFO - Búsqueda Cliente: 
2024-12-17 19:31:34,173 - GimnasioApp - INFO - Planes obtenidos: ['MENSUAL - $500.00', 'MEMBRESIA - $500.00']
2024-12-17 19:31:34,174 - GimnasioApp - INFO - Pagos cargados: [(1, 'DEMO CLIENTE', 500.0, '2024-12-12', 1), (2, 'JUAN MARTINEZ', 500.0, '2024-12-12', 1)]
2024-12-17 19:31:34,182 - GimnasioApp - INFO - Inicializando la ventana de Gestión de Contratos
2024-12-17 19:31:34,191 - GimnasioApp - INFO - Mostrando Tabla de Usuarios
2024-12-17 19:38:00,457 - GimnasioApp - INFO - Iniciando Dashboard con rol: SysAdmin
2024-12-17 19:38:00,459 - GimnasioApp - INFO - Mostrando Tabla Clientes Clientes...
2024-12-17 19:38:00,462 - GimnasioApp - INFO - Mostrando Tabla de planes
2024-12-17 19:38:00,465 - GimnasioApp - INFO - Usuario actual registrado en la sesión: sysadmin
2024-12-17 19:38:00,466 - GimnasioApp - INFO - Mostrando Tabla de pagos
2024-12-17 19:38:00,466 - GimnasioApp - INFO - Búsqueda Cliente: 
2024-12-17 19:38:00,467 - GimnasioApp - INFO - Planes obtenidos: ['MENSUAL - $500.00', 'MEMBRESIA - $500.00']
2024-12-17 19:38:00,468 - GimnasioApp - INFO - Pagos cargados: [(1, 'DEMO CLIENTE', 500.0, '2024-12-12', 1), (2, 'JUAN MARTINEZ', 500.0, '2024-12-12', 1)]
2024-12-17 19:38:00,475 - GimnasioApp - INFO - Inicializando la ventana de Gestión de Contratos
2024-12-17 19:38:00,484 - GimnasioApp - INFO - Mostrando Tabla de Usuarios
2024-12-17 19:38:23,627 - GimnasioApp - INFO - Parámetros actualizados correctamente.
2024-12-17 19:38:46,010 - GimnasioApp - INFO - Iniciando Dashboard con rol: Administrador
2024-12-17 19:38:46,011 - GimnasioApp - INFO - Mostrando Tabla Clientes Clientes...
2024-12-17 19:38:46,015 - GimnasioApp - INFO - Mostrando Tabla de planes
2024-12-17 19:38:46,017 - GimnasioApp - INFO - Usuario actual registrado en la sesión: admin
2024-12-17 19:38:46,018 - GimnasioApp - INFO - Mostrando Tabla de pagos
2024-12-17 19:38:46,018 - GimnasioApp - INFO - Búsqueda Cliente: 
2024-12-17 19:38:46,019 - GimnasioApp - INFO - Planes obtenidos: ['MENSUAL - $500.00', 'MEMBRESIA - $500.00']
2024-12-17 19:38:46,020 - GimnasioApp - INFO - Pagos cargados: [(1, 'DEMO CLIENTE', 500.0, '2024-12-12', 1), (2, 'JUAN MARTINEZ', 500.0, '2024-12-12', 1)]
2024-12-17 19:38:46,025 - GimnasioApp - INFO - Inicializando la ventana de Gestión de Contratos
2024-12-17 19:38:46,031 - GimnasioApp - INFO - Mostrando Tabla de Usuarios
2024-12-17 19:42:14,582 - GimnasioApp - INFO - Iniciando Dashboard con rol: Cajero
2024-12-17 19:42:14,583 - GimnasioApp - INFO - Mostrando Tabla Clientes Clientes...
2024-12-17 19:42:14,587 - GimnasioApp - INFO - Mostrando Tabla de planes
2024-12-17 19:42:14,589 - GimnasioApp - INFO - Usuario actual registrado en la sesión: cajero
2024-12-17 19:42:14,590 - GimnasioApp - INFO - Mostrando Tabla de pagos
2024-12-17 19:42:14,590 - GimnasioApp - INFO - Búsqueda Cliente: 
2024-12-17 19:42:14,590 - GimnasioApp - INFO - Planes obtenidos: ['MENSUAL - $500.00', 'MEMBRESIA - $500.00', 'SEMESTRAL - $2700.00']
2024-12-17 19:42:14,591 - GimnasioApp - INFO - Pagos cargados: [(1, 'DEMO CLIENTE', 500.0, '2024-12-12', 1), (2, 'JUAN MARTINEZ', 500.0, '2024-12-12', 1)]
2024-12-17 19:42:14,597 - GimnasioApp - INFO - Inicializando la ventana de Gestión de Contratos
2024-12-17 19:42:14,603 - GimnasioApp - INFO - Mostrando Tabla de Usuarios
2024-12-17 19:42:44,675 - PIL.PngImagePlugin - DEBUG - STREAM b'IHDR' 16 13
2024-12-17 19:42:44,675 - PIL.PngImagePlugin - DEBUG - STREAM b'IDAT' 41 1633
2024-12-17 19:42:46,091 - GimnasioApp - INFO - Ticket generado para el pago: 2
2024-12-17 20:07:25,390 - GimnasioApp - INFO - Saliendo del Sistema
2024-12-17 20:07:32,316 - GimnasioApp - INFO - Iniciando la APP
2024-12-17 20:07:32,316 - GimnasioApp - INFO - Base de datos inicializada correctamente
2024-12-17 20:07:38,089 - GimnasioApp - INFO - Saliendo del Sistema
2024-12-17 20:07:47,389 - GimnasioApp - INFO - Iniciando la APP
2024-12-17 20:07:47,389 - GimnasioApp - INFO - Base de datos inicializada correctamente
2024-12-17 20:08:11,175 - GimnasioApp - INFO - Saliendo del Sistema
2024-12-17 20:08:12,632 - GimnasioApp - INFO - Iniciando la APP
2024-12-17 20:08:12,632 - GimnasioApp - INFO - Base de datos inicializada correctamente
2024-12-17 20:08:17,745 - GimnasioApp - INFO - Saliendo del Sistema
2024-12-17 20:08:32,110 - GimnasioApp - INFO - Iniciando la APP
2024-12-17 20:08:32,111 - GimnasioApp - INFO - Base de datos inicializada correctamente
2024-12-17 20:08:38,071 - GimnasioApp - INFO - Saliendo del Sistema
2024-12-17 20:09:02,839 - GimnasioApp - INFO - Iniciando la APP
2024-12-17 20:09:02,839 - GimnasioApp - INFO - Base de datos inicializada correctamente
2024-12-17 20:09:22,183 - GimnasioApp - INFO - Saliendo del Sistema
2024-12-17 20:09:51,804 - GimnasioApp - INFO - Iniciando la APP
2024-12-17 20:09:51,804 - GimnasioApp - INFO - Base de datos inicializada correctamente
2024-12-17 20:10:43,245 - GimnasioApp - INFO - Iniciando Dashboard con rol: SysAdmin
2024-12-17 20:10:43,246 - GimnasioApp - INFO - Mostrando Tabla Clientes Clientes...
2024-12-17 20:10:43,250 - GimnasioApp - INFO - Mostrando Tabla de planes
2024-12-17 20:10:43,252 - GimnasioApp - INFO - Usuario actual registrado en la sesión: sysadmin
2024-12-17 20:10:43,253 - GimnasioApp - INFO - Mostrando Tabla de pagos
2024-12-17 20:10:43,253 - GimnasioApp - INFO - Búsqueda Cliente: 
2024-12-17 20:10:43,253 - GimnasioApp - INFO - Planes obtenidos: ['MENSUAL - $500.00', 'MEMBRESIA - $500.00', 'SEMESTRAL - $2700.00']
2024-12-17 20:10:43,254 - GimnasioApp - INFO - Pagos cargados: [(1, 'DEMO CLIENTE', 500.0, '2024-12-12', 1), (2, 'JUAN MARTINEZ', 500.0, '2024-12-12', 1)]
2024-12-17 20:10:43,260 - GimnasioApp - INFO - Inicializando la ventana de Gestión de Contratos
2024-12-17 20:10:43,266 - GimnasioApp - INFO - Mostrando Tabla de Usuarios
2024-12-17 20:11:12,477 - GimnasioApp - INFO - Parámetros actualizados correctamente.
2024-12-17 20:11:14,909 - GimnasioApp - INFO - Saliendo del Sistema
2024-12-17 20:11:16,770 - GimnasioApp - INFO - Iniciando la APP
2024-12-17 20:11:16,770 - GimnasioApp - INFO - Base de datos inicializada correctamente
2024-12-17 20:12:00,941 - GimnasioApp - INFO - Iniciando Dashboard con rol: SysAdmin
2024-12-17 20:12:00,943 - GimnasioApp - INFO - Mostrando Tabla Clientes Clientes...
2024-12-17 20:12:00,946 - GimnasioApp - INFO - Mostrando Tabla de planes
2024-12-17 20:12:00,948 - GimnasioApp - INFO - Usuario actual registrado en la sesión: sysadmin
2024-12-17 20:12:00,949 - GimnasioApp - INFO - Mostrando Tabla de pagos
2024-12-17 20:12:00,949 - GimnasioApp - INFO - Búsqueda Cliente: 
2024-12-17 20:12:00,950 - GimnasioApp - INFO - Planes obtenidos: ['MENSUAL - $500.00', 'MEMBRESIA - $500.00', 'SEMESTRAL - $2700.00']
2024-12-17 20:12:00,951 - GimnasioApp - INFO - Pagos cargados: [(1, 'DEMO CLIENTE', 500.0, '2024-12-12', 1), (2, 'JUAN MARTINEZ', 500.0, '2024-12-12', 1)]
2024-12-17 20:12:00,958 - GimnasioApp - INFO - Inicializando la ventana de Gestión de Contratos
2024-12-17 20:12:00,964 - GimnasioApp - INFO - Mostrando Tabla de Usuarios
2024-12-17 20:12:07,244 - GimnasioApp - INFO - Parámetros actualizados correctamente.
2024-12-17 20:12:10,103 - GimnasioApp - INFO - Saliendo del Sistema
2024-12-17 20:12:11,407 - GimnasioApp - INFO - Iniciando la APP
2024-12-17 20:12:11,407 - GimnasioApp - INFO - Base de datos inicializada correctamente
2024-12-17 20:14:47,801 - GimnasioApp - INFO - Iniciando Dashboard con rol: SysAdmin
2024-12-17 20:14:47,803 - GimnasioApp - INFO - Mostrando Tabla Clientes Clientes...
2024-12-17 20:14:47,806 - GimnasioApp - INFO - Mostrando Tabla de planes
2024-12-17 20:14:47,808 - GimnasioApp - INFO - Usuario actual registrado en la sesión: sysadmin
2024-12-17 20:14:47,809 - GimnasioApp - INFO - Mostrando Tabla de pagos
2024-12-17 20:14:47,809 - GimnasioApp - INFO - Búsqueda Cliente: 
2024-12-17 20:14:47,809 - GimnasioApp - INFO - Planes obtenidos: ['MENSUAL - $500.00', 'MEMBRESIA - $500.00', 'SEMESTRAL - $2700.00']
2024-12-17 20:14:47,810 - GimnasioApp - INFO - Pagos cargados: [(1, 'DEMO CLIENTE', 500.0, '2024-12-12', 1), (2, 'JUAN MARTINEZ', 500.0, '2024-12-12', 1)]
2024-12-17 20:14:47,818 - GimnasioApp - INFO - Inicializando la ventana de Gestión de Contratos
2024-12-17 20:14:47,825 - GimnasioApp - INFO - Mostrando Tabla de Usuarios
2024-12-17 20:15:13,304 - GimnasioApp - INFO - Parámetros actualizados correctamente.
2024-12-17 20:15:26,314 - GimnasioApp - INFO - Saliendo del Sistema
2024-12-17 20:16:01,548 - GimnasioApp - INFO - Iniciando la APP
2024-12-17 20:16:01,548 - GimnasioApp - INFO - Base de datos inicializada correctamente
2024-12-17 20:16:07,194 - GimnasioApp - INFO - Iniciando Dashboard con rol: SysAdmin
2024-12-17 20:16:07,195 - GimnasioApp - INFO - Mostrando Tabla Clientes Clientes...
2024-12-17 20:16:07,198 - GimnasioApp - INFO - Mostrando Tabla de planes
2024-12-17 20:16:07,200 - GimnasioApp - INFO - Usuario actual registrado en la sesión: sysadmin
2024-12-17 20:16:07,201 - GimnasioApp - INFO - Mostrando Tabla de pagos
2024-12-17 20:16:07,202 - GimnasioApp - INFO - Búsqueda Cliente: 
2024-12-17 20:16:07,202 - GimnasioApp - INFO - Planes obtenidos: ['MENSUAL - $500.00', 'MEMBRESIA - $500.00', 'SEMESTRAL - $2700.00']
2024-12-17 20:16:07,204 - GimnasioApp - INFO - Pagos cargados: [(1, 'DEMO CLIENTE', 500.0, '2024-12-12', 1), (2, 'JUAN MARTINEZ', 500.0, '2024-12-12', 1)]
2024-12-17 20:16:07,212 - GimnasioApp - INFO - Inicializando la ventana de Gestión de Contratos
2024-12-17 20:16:07,218 - GimnasioApp - INFO - Mostrando Tabla de Usuarios
2024-12-17 20:19:52,656 - GimnasioApp - INFO - Iniciando Dashboard con rol: Administrador
2024-12-17 20:19:52,657 - GimnasioApp - INFO - Mostrando Tabla Clientes Clientes...
2024-12-17 20:19:52,659 - GimnasioApp - INFO - Mostrando Tabla de planes
2024-12-17 20:19:52,661 - GimnasioApp - INFO - Usuario actual registrado en la sesión: admin
2024-12-17 20:19:52,662 - GimnasioApp - INFO - Mostrando Tabla de pagos
2024-12-17 20:19:52,662 - GimnasioApp - INFO - Búsqueda Cliente: 
2024-12-17 20:19:52,662 - GimnasioApp - INFO - Planes obtenidos: ['MENSUAL - $500.00', 'MEMBRESIA - $500.00', 'SEMESTRAL - $2700.00']
2024-12-17 20:19:52,663 - GimnasioApp - INFO - Pagos cargados: [(1, 'DEMO CLIENTE', 500.0, '2024-12-12', 1), (2, 'JUAN MARTINEZ', 500.0, '2024-12-12', 1)]
2024-12-17 20:19:52,669 - GimnasioApp - INFO - Inicializando la ventana de Gestión de Contratos
2024-12-17 20:19:52,675 - GimnasioApp - INFO - Mostrando Tabla de Usuarios
2024-12-17 20:20:18,763 - GimnasioApp - INFO - Iniciando Dashboard con rol: Administrador
2024-12-17 20:20:18,764 - GimnasioApp - INFO - Mostrando Tabla Clientes Clientes...
2024-12-17 20:20:18,768 - GimnasioApp - INFO - Mostrando Tabla de planes
2024-12-17 20:20:18,771 - GimnasioApp - INFO - Usuario actual registrado en la sesión: Emmanuel
2024-12-17 20:20:18,772 - GimnasioApp - INFO - Mostrando Tabla de pagos
2024-12-17 20:20:18,772 - GimnasioApp - INFO - Búsqueda Cliente: 
2024-12-17 20:20:18,772 - GimnasioApp - INFO - Planes obtenidos: ['MENSUAL - $500.00', 'MEMBRESIA - $500.00', 'SEMESTRAL - $2700.00']
2024-12-17 20:20:18,773 - GimnasioApp - INFO - Pagos cargados: [(1, 'DEMO CLIENTE', 500.0, '2024-12-12', 1), (2, 'JUAN MARTINEZ', 500.0, '2024-12-12', 1)]
2024-12-17 20:20:18,780 - GimnasioApp - INFO - Inicializando la ventana de Gestión de Contratos
2024-12-17 20:20:18,789 - GimnasioApp - INFO - Mostrando Tabla de Usuarios
2024-12-17 20:27:58,067 - GimnasioApp - INFO - Gestión de Contratos mostrada correctamente.
2024-12-17 20:29:31,151 - GimnasioApp - INFO - Saliendo del Sistema
2024-12-17 20:29:32,639 - GimnasioApp - INFO - Iniciando la APP
2024-12-17 20:29:32,639 - GimnasioApp - INFO - Base de datos inicializada correctamente
2024-12-17 20:29:37,673 - GimnasioApp - INFO - Iniciando Dashboard con rol: Administrador
2024-12-17 20:29:37,675 - GimnasioApp - INFO - Mostrando Tabla Clientes Clientes...
2024-12-17 20:29:37,679 - GimnasioApp - INFO - Mostrando Tabla de planes
2024-12-17 20:29:37,681 - GimnasioApp - INFO - Usuario actual registrado en la sesión: Emmanuel
2024-12-17 20:29:37,682 - GimnasioApp - INFO - Mostrando Tabla de pagos
2024-12-17 20:29:37,682 - GimnasioApp - INFO - Búsqueda Cliente: 
2024-12-17 20:29:37,682 - GimnasioApp - INFO - Planes obtenidos: ['MENSUAL - $500.00', 'MEMBRESIA - $500.00', 'SEMESTRAL - $2700.00']
2024-12-17 20:29:37,683 - GimnasioApp - INFO - Pagos cargados: [(1, 'DEMO CLIENTE', 500.0, '2024-12-12', 1), (2, 'JUAN MARTINEZ', 500.0, '2024-12-12', 1)]
2024-12-17 20:29:37,689 - GimnasioApp - INFO - Inicializando la ventana de Gestión de Contratos
2024-12-17 20:29:37,695 - GimnasioApp - INFO - Mostrando Tabla de Usuarios
2024-12-17 20:29:47,529 - GimnasioApp - INFO - Saliendo del Sistema
2024-12-17 20:29:49,213 - GimnasioApp - INFO - Iniciando la APP
2024-12-17 20:29:49,213 - GimnasioApp - INFO - Base de datos inicializada correctamente
2024-12-17 20:29:53,713 - GimnasioApp - INFO - Iniciando Dashboard con rol: Administrador
2024-12-17 20:29:53,715 - GimnasioApp - INFO - Mostrando Tabla Clientes Clientes...
2024-12-17 20:29:53,719 - GimnasioApp - INFO - Mostrando Tabla de planes
2024-12-17 20:29:53,722 - GimnasioApp - INFO - Usuario actual registrado en la sesión: Emmanuel
2024-12-17 20:29:53,724 - GimnasioApp - INFO - Mostrando Tabla de pagos
2024-12-17 20:29:53,724 - GimnasioApp - INFO - Búsqueda Cliente: 
2024-12-17 20:29:53,724 - GimnasioApp - INFO - Planes obtenidos: ['MENSUAL - $500.00', 'MEMBRESIA - $500.00', 'SEMESTRAL - $2700.00']
2024-12-17 20:29:53,726 - GimnasioApp - INFO - Pagos cargados: [(1, 'DEMO CLIENTE', 500.0, '2024-12-12', 1), (2, 'JUAN MARTINEZ', 500.0, '2024-12-12', 1)]
2024-12-17 20:29:53,734 - GimnasioApp - INFO - Inicializando la ventana de Gestión de Contratos
2024-12-17 20:29:53,744 - GimnasioApp - INFO - Mostrando Tabla de Usuarios
2024-12-17 20:30:10,039 - GimnasioApp - INFO - Gestión de Contratos mostrada correctamente.
2024-12-17 20:30:15,016 - GimnasioApp - INFO - Gestión de Contratos mostrada correctamente.
2024-12-17 20:30:44,911 - GimnasioApp - INFO - Saliendo del Sistema
2024-12-17 20:30:55,861 - GimnasioApp - INFO - Iniciando la APP
2024-12-17 20:30:55,861 - GimnasioApp - INFO - Base de datos inicializada correctamente
2024-12-17 20:30:59,881 - GimnasioApp - INFO - Iniciando Dashboard con rol: Administrador
2024-12-17 20:30:59,883 - GimnasioApp - INFO - Mostrando Tabla Clientes Clientes...
2024-12-17 20:30:59,887 - GimnasioApp - INFO - Mostrando Tabla de planes
2024-12-17 20:30:59,890 - GimnasioApp - INFO - Usuario actual registrado en la sesión: Emmanuel
2024-12-17 20:30:59,892 - GimnasioApp - INFO - Mostrando Tabla de pagos
2024-12-17 20:30:59,892 - GimnasioApp - INFO - Búsqueda Cliente: 
2024-12-17 20:30:59,892 - GimnasioApp - INFO - Planes obtenidos: ['MENSUAL - $500.00', 'MEMBRESIA - $500.00', 'SEMESTRAL - $2700.00']
2024-12-17 20:30:59,894 - GimnasioApp - INFO - Pagos cargados: [(1, 'DEMO CLIENTE', 500.0, '2024-12-12', 1), (2, 'JUAN MARTINEZ', 500.0, '2024-12-12', 1)]
2024-12-17 20:30:59,902 - GimnasioApp - INFO - Inicializando la ventana de Gestión de Contratos
2024-12-17 20:30:59,911 - GimnasioApp - INFO - Mostrando Tabla de Usuarios
2024-12-17 20:31:05,564 - GimnasioApp - INFO - Saliendo del Sistema
2024-12-17 20:31:26,485 - GimnasioApp - INFO - Iniciando la APP
2024-12-17 20:31:26,485 - GimnasioApp - INFO - Base de datos inicializada correctamente
2024-12-17 20:31:32,090 - GimnasioApp - INFO - Iniciando Dashboard con rol: Administrador
2024-12-17 20:31:32,092 - GimnasioApp - INFO - Mostrando Tabla Clientes Clientes...
2024-12-17 20:31:32,097 - GimnasioApp - INFO - Mostrando Tabla de planes
2024-12-17 20:31:32,100 - GimnasioApp - INFO - Usuario actual registrado en la sesión: Emmanuel
2024-12-17 20:31:32,101 - GimnasioApp - INFO - Mostrando Tabla de pagos
2024-12-17 20:31:32,101 - GimnasioApp - INFO - Búsqueda Cliente: 
2024-12-17 20:31:32,102 - GimnasioApp - INFO - Planes obtenidos: ['MENSUAL - $500.00', 'MEMBRESIA - $500.00', 'SEMESTRAL - $2700.00']
2024-12-17 20:31:32,104 - GimnasioApp - INFO - Pagos cargados: [(1, 'DEMO CLIENTE', 500.0, '2024-12-12', 1), (2, 'JUAN MARTINEZ', 500.0, '2024-12-12', 1)]
2024-12-17 20:31:32,113 - GimnasioApp - INFO - Inicializando la ventana de Gestión de Contratos
2024-12-17 20:31:32,123 - GimnasioApp - INFO - Mostrando Tabla de Usuarios
2024-12-17 20:32:28,590 - GimnasioApp - INFO - Saliendo del Sistema
2024-12-17 20:32:30,144 - GimnasioApp - INFO - Iniciando la APP
2024-12-17 20:32:30,144 - GimnasioApp - INFO - Base de datos inicializada correctamente
2024-12-17 20:32:36,235 - GimnasioApp - INFO - Iniciando Dashboard con rol: Administrador
2024-12-17 20:32:36,237 - GimnasioApp - INFO - Mostrando Tabla Clientes Clientes...
2024-12-17 20:32:36,241 - GimnasioApp - INFO - Mostrando Tabla de planes
2024-12-17 20:32:36,243 - GimnasioApp - INFO - Usuario actual registrado en la sesión: Emmanuel
2024-12-17 20:32:36,244 - GimnasioApp - INFO - Mostrando Tabla de pagos
2024-12-17 20:32:36,244 - GimnasioApp - INFO - Búsqueda Cliente: 
2024-12-17 20:32:36,245 - GimnasioApp - INFO - Planes obtenidos: ['MENSUAL - $500.00', 'MEMBRESIA - $500.00', 'SEMESTRAL - $2700.00']
2024-12-17 20:32:36,246 - GimnasioApp - INFO - Pagos cargados: [(1, 'DEMO CLIENTE', 500.0, '2024-12-12', 1), (2, 'JUAN MARTINEZ', 500.0, '2024-12-12', 1)]
2024-12-17 20:32:36,252 - GimnasioApp - INFO - Inicializando la ventana de Gestión de Contratos
2024-12-17 20:32:36,258 - GimnasioApp - INFO - Mostrando Tabla de Usuarios
2024-12-17 20:34:13,660 - GimnasioApp - INFO - Saliendo del Sistema
2024-12-17 20:34:15,680 - GimnasioApp - INFO - Iniciando la APP
2024-12-17 20:34:15,681 - GimnasioApp - INFO - Base de datos inicializada correctamente
2024-12-17 20:34:19,461 - GimnasioApp - INFO - Iniciando Dashboard con rol: Administrador
2024-12-17 20:34:19,463 - GimnasioApp - INFO - Mostrando Tabla Clientes Clientes...
2024-12-17 20:34:19,467 - GimnasioApp - INFO - Mostrando Tabla de planes
2024-12-17 20:34:19,471 - GimnasioApp - INFO - Usuario actual registrado en la sesión: Emmanuel
2024-12-17 20:34:19,472 - GimnasioApp - INFO - Mostrando Tabla de pagos
2024-12-17 20:34:19,472 - GimnasioApp - INFO - Búsqueda Cliente: 
2024-12-17 20:34:19,473 - GimnasioApp - INFO - Planes obtenidos: ['MENSUAL - $500.00', 'MEMBRESIA - $500.00', 'SEMESTRAL - $2700.00']
2024-12-17 20:34:19,474 - GimnasioApp - INFO - Pagos cargados: [(1, 'DEMO CLIENTE', 500.0, '2024-12-12', 1), (2, 'JUAN MARTINEZ', 500.0, '2024-12-12', 1)]
2024-12-17 20:34:19,482 - GimnasioApp - INFO - Inicializando la ventana de Gestión de Contratos
2024-12-17 20:34:19,491 - GimnasioApp - INFO - Mostrando Tabla de Usuarios
2024-12-17 20:34:26,609 - GimnasioApp - INFO - Saliendo del Sistema
2024-12-17 20:45:16,059 - GimnasioApp - INFO - Iniciando la APP
2024-12-17 20:45:16,059 - GimnasioApp - INFO - Base de datos inicializada correctamente
2024-12-17 20:46:03,161 - GimnasioApp - INFO - Iniciando Dashboard con rol: Administrador
2024-12-17 20:46:03,163 - GimnasioApp - INFO - Mostrando Tabla Clientes Clientes...
2024-12-17 20:46:03,166 - GimnasioApp - INFO - Mostrando Tabla de planes
2024-12-17 20:46:03,168 - GimnasioApp - INFO - Usuario actual registrado en la sesión: Emmanuel
2024-12-17 20:46:03,168 - GimnasioApp - INFO - Mostrando Tabla de pagos
2024-12-17 20:46:03,169 - GimnasioApp - INFO - Búsqueda Cliente: 
2024-12-17 20:46:03,169 - GimnasioApp - INFO - Planes obtenidos: ['MENSUAL - $500.00', 'MEMBRESIA - $500.00', 'SEMESTRAL - $2700.00']
2024-12-17 20:46:03,170 - GimnasioApp - INFO - Pagos cargados: [(1, 'DEMO CLIENTE', 500.0, '2024-12-12', 1), (2, 'JUAN MARTINEZ', 500.0, '2024-12-12', 1)]
2024-12-17 20:46:03,176 - GimnasioApp - INFO - Inicializando la ventana de Gestión de Contratos
2024-12-17 20:46:03,182 - GimnasioApp - INFO - Mostrando Tabla de Usuarios
2024-12-17 20:46:27,566 - GimnasioApp - INFO - Saliendo del Sistema
2024-12-17 20:46:37,245 - GimnasioApp - INFO - Iniciando la APP
2024-12-17 20:46:37,245 - GimnasioApp - INFO - Base de datos inicializada correctamente
2024-12-17 20:46:42,466 - GimnasioApp - INFO - Iniciando Dashboard con rol: Administrador
2024-12-17 20:46:42,468 - GimnasioApp - INFO - Mostrando Tabla Clientes Clientes...
2024-12-17 20:46:42,472 - GimnasioApp - INFO - Mostrando Tabla de planes
2024-12-17 20:46:42,474 - GimnasioApp - INFO - Usuario actual registrado en la sesión: admin
2024-12-17 20:46:42,476 - GimnasioApp - INFO - Mostrando Tabla de pagos
2024-12-17 20:46:42,476 - GimnasioApp - INFO - Búsqueda Cliente: 
2024-12-17 20:46:42,476 - GimnasioApp - INFO - Planes obtenidos: ['MENSUAL - $500.00', 'MEMBRESIA - $500.00', 'SEMESTRAL - $2700.00']
2024-12-17 20:46:42,478 - GimnasioApp - INFO - Pagos cargados: [(1, 'DEMO CLIENTE', 500.0, '2024-12-12', 1), (2, 'JUAN MARTINEZ', 500.0, '2024-12-12', 1)]
2024-12-17 20:46:42,486 - GimnasioApp - INFO - Inicializando la ventana de Gestión de Contratos
2024-12-17 20:46:42,493 - GimnasioApp - INFO - Mostrando Tabla de Usuarios
2024-12-17 20:49:22,214 - GimnasioApp - INFO - Iniciando Dashboard con rol: Consultor
2024-12-17 20:49:22,215 - GimnasioApp - INFO - Mostrando Tabla Clientes Clientes...
2024-12-17 20:49:22,219 - GimnasioApp - INFO - Mostrando Tabla de planes
2024-12-17 20:49:22,222 - GimnasioApp - INFO - Usuario actual registrado en la sesión: entrenador
2024-12-17 20:49:22,223 - GimnasioApp - INFO - Mostrando Tabla de pagos
2024-12-17 20:49:22,223 - GimnasioApp - INFO - Búsqueda Cliente: 
2024-12-17 20:49:22,223 - GimnasioApp - INFO - Planes obtenidos: ['MENSUAL - $500.00', 'MEMBRESIA - $500.00', 'SEMESTRAL - $2700.00']
2024-12-17 20:49:22,225 - GimnasioApp - INFO - Pagos cargados: [(1, 'DEMO CLIENTE', 500.0, '2024-12-12', 1), (2, 'JUAN MARTINEZ', 500.0, '2024-12-12', 1)]
2024-12-17 20:49:22,232 - GimnasioApp - INFO - Inicializando la ventana de Gestión de Contratos
2024-12-17 20:49:22,241 - GimnasioApp - INFO - Mostrando Tabla de Usuarios
2024-12-17 20:49:37,013 - GimnasioApp - INFO - Saliendo del Sistema
2024-12-17 20:51:37,123 - GimnasioApp - INFO - Iniciando la APP
2024-12-17 20:51:37,123 - GimnasioApp - INFO - Base de datos inicializada correctamente
2024-12-17 20:51:43,543 - GimnasioApp - INFO - Iniciando Dashboard con rol: Administrador
2024-12-17 20:51:43,545 - GimnasioApp - INFO - Mostrando Tabla Clientes Clientes...
2024-12-17 20:51:43,548 - GimnasioApp - INFO - Mostrando Tabla de planes
2024-12-17 20:51:43,550 - GimnasioApp - INFO - Usuario actual registrado en la sesión: admin
2024-12-17 20:51:43,551 - GimnasioApp - INFO - Mostrando Tabla de pagos
2024-12-17 20:51:43,551 - GimnasioApp - INFO - Búsqueda Cliente: 
2024-12-17 20:51:43,552 - GimnasioApp - INFO - Planes obtenidos: ['MENSUAL - $500.00', 'MEMBRESIA - $500.00', 'SEMESTRAL - $2700.00']
2024-12-17 20:51:43,554 - GimnasioApp - INFO - Pagos cargados: [(1, 'DEMO CLIENTE', 500.0, '2024-12-12', 1), (2, 'JUAN MARTINEZ', 500.0, '2024-12-12', 1)]
2024-12-17 20:51:43,561 - GimnasioApp - INFO - Inicializando la ventana de Gestión de Contratos
2024-12-17 20:51:43,567 - GimnasioApp - INFO - Mostrando Tabla de Usuarios
2024-12-17 20:55:04,004 - GimnasioApp - INFO - Usuario actual registrado en la sesión: admin
2024-12-17 20:55:04,007 - GimnasioApp - INFO - Pago registrado: Cliente JUAN RAMIREZ, Plan SEMESTRAL, Monto 2700.00, Usuario admin
2024-12-17 20:55:04,007 - GimnasioApp - INFO - Pagos cargados: [(1, 'DEMO CLIENTE', 500.0, '2024-12-12', 1), (2, 'JUAN MARTINEZ', 500.0, '2024-12-12', 1), (3, 'JUAN RAMIREZ', 2700.0, '2024-12-17', 6)]
2024-12-17 20:55:07,561 - PIL.PngImagePlugin - DEBUG - STREAM b'IHDR' 16 13
2024-12-17 20:55:07,561 - PIL.PngImagePlugin - DEBUG - STREAM b'IDAT' 41 1595
2024-12-17 20:55:08,721 - GimnasioApp - INFO - Ticket generado para el pago: 3
2024-12-17 20:55:58,769 - GimnasioApp - INFO - Pagos obtenidos: [(3, 'JUAN RAMIREZ', 2700.0, '2024-12-17')]
2024-12-17 20:55:58,770 - GimnasioApp - INFO - Movimientos obtenidos: [('ENTRADA', 2000.0, 'Fondo de caja', '2024-12-17 20:55:54')]
2024-12-17 20:55:58,800 - PIL.PngImagePlugin - DEBUG - STREAM b'IHDR' 16 13
2024-12-17 20:55:58,800 - PIL.PngImagePlugin - DEBUG - STREAM b'IDAT' 41 760
2024-12-17 20:55:59,920 - GimnasioApp - INFO - Corte de caja generado por Admin: Desde 2024-12-17 Hasta 2024-12-17
2024-12-17 20:56:42,809 - GimnasioApp - INFO - Pagos obtenidos: [(3, 'JUAN RAMIREZ', 2700.0, '2024-12-17')]
2024-12-17 20:56:42,810 - GimnasioApp - INFO - Movimientos obtenidos: [('ENTRADA', 2000.0, 'Fondo de caja', '2024-12-17 20:55:54'), ('SALIDA', 4000.0, 'PAgo entrenador', '2024-12-17 20:56:39')]
2024-12-17 20:56:42,841 - PIL.PngImagePlugin - DEBUG - STREAM b'IHDR' 16 13
2024-12-17 20:56:42,841 - PIL.PngImagePlugin - DEBUG - STREAM b'IDAT' 41 760
2024-12-17 20:56:55,919 - GimnasioApp - INFO - Corte de caja generado por Admin: Desde 2024-12-17 Hasta 2024-12-17
2024-12-17 20:57:12,528 - GimnasioApp - INFO - Pagos obtenidos: [(1, 'DEMO CLIENTE', 500.0, '2024-12-12'), (2, 'JUAN MARTINEZ', 500.0, '2024-12-12'), (3, 'JUAN RAMIREZ', 2700.0, '2024-12-17')]
2024-12-17 20:57:12,528 - GimnasioApp - INFO - Movimientos obtenidos: [('ENTRADA', 3000.0, 'fondo', '2024-12-12 10:36:27'), ('SALIDA', 1500.0, 'provedor proteinas', '2024-12-12 10:36:47'), ('ENTRADA', 2000.0, 'Fondo de caja', '2024-12-17 20:55:54'), ('SALIDA', 4000.0, 'PAgo entrenador', '2024-12-17 20:56:39')]
2024-12-17 20:57:12,558 - PIL.PngImagePlugin - DEBUG - STREAM b'IHDR' 16 13
2024-12-17 20:57:12,558 - PIL.PngImagePlugin - DEBUG - STREAM b'IDAT' 41 764
2024-12-17 20:57:13,786 - GimnasioApp - INFO - Corte de caja generado por Admin: Desde 2024-12-01 Hasta 2024-12-17
2024-12-17 21:13:28,331 - GimnasioApp - INFO - Saliendo del Sistema
2024-12-17 21:13:37,128 - GimnasioApp - INFO - Iniciando la APP
2024-12-17 21:13:37,128 - GimnasioApp - INFO - Base de datos inicializada correctamente
2024-12-17 21:13:42,294 - GimnasioApp - INFO - Iniciando Dashboard con rol: Administrador
2024-12-17 21:13:42,296 - GimnasioApp - INFO - Mostrando Tabla Clientes Clientes...
2024-12-17 21:13:42,301 - GimnasioApp - INFO - Mostrando Tabla de planes
2024-12-17 21:13:42,304 - GimnasioApp - INFO - Usuario actual registrado en la sesión: admin
2024-12-17 21:13:42,305 - GimnasioApp - INFO - Mostrando Tabla de pagos
2024-12-17 21:13:42,305 - GimnasioApp - INFO - Búsqueda Cliente: 
2024-12-17 21:13:42,305 - GimnasioApp - INFO - Planes obtenidos: ['MENSUAL - $500.00', 'MEMBRESIA - $500.00', 'SEMESTRAL - $2700.00']
2024-12-17 21:13:42,307 - GimnasioApp - INFO - Pagos cargados: [(1, 'DEMO CLIENTE', 500.0, '2024-12-12', 1), (2, 'JUAN MARTINEZ', 500.0, '2024-12-12', 1)]
2024-12-17 21:13:42,315 - GimnasioApp - INFO - Inicializando la ventana de Gestión de Contratos
2024-12-17 21:13:42,322 - GimnasioApp - INFO - Mostrando Tabla de Usuarios
2024-12-17 21:15:32,116 - GimnasioApp - INFO - Saliendo del Sistema
2024-12-17 21:15:34,056 - GimnasioApp - INFO - Iniciando la APP
2024-12-17 21:15:34,056 - GimnasioApp - INFO - Base de datos inicializada correctamente
2024-12-17 21:15:38,889 - GimnasioApp - INFO - Iniciando Dashboard con rol: Administrador
2024-12-17 21:15:38,891 - GimnasioApp - INFO - Mostrando Tabla Clientes Clientes...
2024-12-17 21:15:38,895 - GimnasioApp - INFO - Mostrando Tabla de planes
2024-12-17 21:15:38,898 - GimnasioApp - INFO - Usuario actual registrado en la sesión: admin
2024-12-17 21:15:38,900 - GimnasioApp - INFO - Mostrando Tabla de pagos
2024-12-17 21:15:38,900 - GimnasioApp - INFO - Búsqueda Cliente: 
2024-12-17 21:15:38,900 - GimnasioApp - INFO - Planes obtenidos: ['MENSUAL - $500.00', 'MEMBRESIA - $500.00', 'SEMESTRAL - $2700.00']
2024-12-17 21:15:38,902 - GimnasioApp - INFO - Pagos cargados: [(1, 'DEMO CLIENTE', 500.0, '2024-12-12', 1), (2, 'JUAN MARTINEZ', 500.0, '2024-12-12', 1)]
2024-12-17 21:15:38,911 - GimnasioApp - INFO - Inicializando la ventana de Gestión de Contratos
2024-12-17 21:15:38,921 - GimnasioApp - INFO - Mostrando Tabla de Usuarios
2024-12-17 21:17:32,053 - GimnasioApp - INFO - Saliendo del Sistema
2024-12-17 21:17:47,951 - GimnasioApp - INFO - Iniciando la APP
2024-12-17 21:17:47,951 - GimnasioApp - INFO - Base de datos inicializada correctamente
2024-12-17 21:17:56,763 - GimnasioApp - INFO - Iniciando Dashboard con rol: Administrador
2024-12-17 21:17:56,765 - GimnasioApp - INFO - Mostrando Tabla Clientes Clientes...
2024-12-17 21:17:56,769 - GimnasioApp - INFO - Mostrando Tabla de planes
2024-12-17 21:17:56,771 - GimnasioApp - INFO - Usuario actual registrado en la sesión: admin
2024-12-17 21:17:56,772 - GimnasioApp - INFO - Mostrando Tabla de pagos
2024-12-17 21:17:56,772 - GimnasioApp - INFO - Búsqueda Cliente: 
2024-12-17 21:17:56,773 - GimnasioApp - INFO - Planes obtenidos: ['MENSUAL - $500.00', 'MEMBRESIA - $500.00']
2024-12-17 21:17:56,774 - GimnasioApp - INFO - Pagos cargados: [(1, 'DEMO CLIENTE', 500.0, '2024-12-12', 1), (2, 'JUAN MARTINEZ', 500.0, '2024-12-12', 1)]
2024-12-17 21:17:56,781 - GimnasioApp - INFO - Inicializando la ventana de Gestión de Contratos
2024-12-17 21:17:56,787 - GimnasioApp - INFO - Mostrando Tabla de Usuarios
2024-12-17 21:18:17,443 - GimnasioApp - INFO - Saliendo del Sistema
2024-12-17 21:18:19,094 - GimnasioApp - INFO - Iniciando la APP
2024-12-17 21:18:19,094 - GimnasioApp - INFO - Base de datos inicializada correctamente
2024-12-17 21:18:22,476 - GimnasioApp - INFO - Iniciando Dashboard con rol: Administrador
2024-12-17 21:18:22,477 - GimnasioApp - INFO - Mostrando Tabla Clientes Clientes...
2024-12-17 21:18:22,481 - GimnasioApp - INFO - Mostrando Tabla de planes
2024-12-17 21:18:22,484 - GimnasioApp - INFO - Usuario actual registrado en la sesión: admin
2024-12-17 21:18:22,485 - GimnasioApp - INFO - Mostrando Tabla de pagos
2024-12-17 21:18:22,485 - GimnasioApp - INFO - Búsqueda Cliente: 
2024-12-17 21:18:22,485 - GimnasioApp - INFO - Planes obtenidos: ['MENSUAL - $500.00', 'MEMBRESIA - $500.00']
2024-12-17 21:18:22,486 - GimnasioApp - INFO - Pagos cargados: [(1, 'DEMO CLIENTE', 500.0, '2024-12-12', 1), (2, 'JUAN MARTINEZ', 500.0, '2024-12-12', 1)]
2024-12-17 21:18:22,492 - GimnasioApp - INFO - Inicializando la ventana de Gestión de Contratos
2024-12-17 21:18:22,499 - GimnasioApp - INFO - Mostrando Tabla de Usuarios
2024-12-17 21:18:49,020 - GimnasioApp - INFO - Saliendo del Sistema
2024-12-17 21:18:51,063 - GimnasioApp - INFO - Iniciando la APP
2024-12-17 21:18:51,064 - GimnasioApp - INFO - Base de datos inicializada correctamente
2024-12-17 21:18:55,596 - GimnasioApp - INFO - Iniciando Dashboard con rol: Administrador
2024-12-17 21:18:55,598 - GimnasioApp - INFO - Mostrando Tabla Clientes Clientes...
2024-12-17 21:18:55,602 - GimnasioApp - INFO - Mostrando Tabla de planes
2024-12-17 21:18:55,605 - GimnasioApp - INFO - Usuario actual registrado en la sesión: admin
2024-12-17 21:18:55,607 - GimnasioApp - INFO - Mostrando Tabla de pagos
2024-12-17 21:18:55,607 - GimnasioApp - INFO - Búsqueda Cliente: 
2024-12-17 21:18:55,607 - GimnasioApp - INFO - Planes obtenidos: ['MENSUAL - $500.00', 'MEMBRESIA - $500.00']
2024-12-17 21:18:55,609 - GimnasioApp - INFO - Pagos cargados: [(1, 'DEMO CLIENTE', 500.0, '2024-12-12', 1), (2, 'JUAN MARTINEZ', 500.0, '2024-12-12', 1)]
2024-12-17 21:18:55,617 - GimnasioApp - INFO - Inicializando la ventana de Gestión de Contratos
2024-12-17 21:18:55,627 - GimnasioApp - INFO - Mostrando Tabla de Usuarios
2024-12-17 21:19:17,687 - GimnasioApp - INFO - Saliendo del Sistema
2024-12-17 21:19:19,206 - GimnasioApp - INFO - Iniciando la APP
2024-12-17 21:19:19,206 - GimnasioApp - INFO - Base de datos inicializada correctamente
2024-12-17 21:19:21,957 - GimnasioApp - INFO - Iniciando Dashboard con rol: Administrador
2024-12-17 21:19:21,958 - GimnasioApp - INFO - Mostrando Tabla Clientes Clientes...
2024-12-17 21:19:21,961 - GimnasioApp - INFO - Mostrando Tabla de planes
2024-12-17 21:19:21,964 - GimnasioApp - INFO - Usuario actual registrado en la sesión: admin
2024-12-17 21:19:21,965 - GimnasioApp - INFO - Mostrando Tabla de pagos
2024-12-17 21:19:21,965 - GimnasioApp - INFO - Búsqueda Cliente: 
2024-12-17 21:19:21,966 - GimnasioApp - INFO - Planes obtenidos: ['MENSUAL - $500.00', 'MEMBRESIA - $500.00']
2024-12-17 21:19:21,967 - GimnasioApp - INFO - Pagos cargados: [(1, 'DEMO CLIENTE', 500.0, '2024-12-12', 1), (2, 'JUAN MARTINEZ', 500.0, '2024-12-12', 1)]
2024-12-17 21:19:21,975 - GimnasioApp - INFO - Inicializando la ventana de Gestión de Contratos
2024-12-17 21:19:21,986 - GimnasioApp - INFO - Mostrando Tabla de Usuarios
2024-12-17 21:20:05,144 - GimnasioApp - INFO - Saliendo del Sistema
2024-12-17 21:20:06,553 - GimnasioApp - INFO - Iniciando la APP
2024-12-17 21:20:06,553 - GimnasioApp - INFO - Base de datos inicializada correctamente
2024-12-17 21:20:11,493 - GimnasioApp - INFO - Iniciando Dashboard con rol: Administrador
2024-12-17 21:20:11,495 - GimnasioApp - INFO - Mostrando Tabla Clientes Clientes...
2024-12-17 21:20:11,499 - GimnasioApp - INFO - Mostrando Tabla de planes
2024-12-17 21:20:11,501 - GimnasioApp - INFO - Usuario actual registrado en la sesión: admin
2024-12-17 21:20:11,503 - GimnasioApp - INFO - Mostrando Tabla de pagos
2024-12-17 21:20:11,503 - GimnasioApp - INFO - Búsqueda Cliente: 
2024-12-17 21:20:11,503 - GimnasioApp - INFO - Planes obtenidos: ['MENSUAL - $500.00', 'MEMBRESIA - $500.00']
2024-12-17 21:20:11,505 - GimnasioApp - INFO - Pagos cargados: [(1, 'DEMO CLIENTE', 500.0, '2024-12-12', 1), (2, 'JUAN MARTINEZ', 500.0, '2024-12-12', 1)]
2024-12-17 21:20:11,510 - GimnasioApp - INFO - Inicializando la ventana de Gestión de Contratos
2024-12-17 21:20:11,517 - GimnasioApp - INFO - Mostrando Tabla de Usuarios
2024-12-17 21:20:21,720 - GimnasioApp - INFO - Saliendo del Sistema
2024-12-17 21:20:23,161 - GimnasioApp - INFO - Iniciando la APP
2024-12-17 21:20:23,161 - GimnasioApp - INFO - Base de datos inicializada correctamente
2024-12-17 21:20:28,086 - GimnasioApp - INFO - Iniciando Dashboard con rol: Administrador
2024-12-17 21:20:28,087 - GimnasioApp - INFO - Mostrando Tabla Clientes Clientes...
2024-12-17 21:20:28,091 - GimnasioApp - INFO - Mostrando Tabla de planes
2024-12-17 21:20:28,093 - GimnasioApp - INFO - Usuario actual registrado en la sesión: admin
2024-12-17 21:20:28,094 - GimnasioApp - INFO - Mostrando Tabla de pagos
2024-12-17 21:20:28,094 - GimnasioApp - INFO - Búsqueda Cliente: 
2024-12-17 21:20:28,094 - GimnasioApp - INFO - Planes obtenidos: ['MENSUAL - $500.00', 'MEMBRESIA - $500.00']
2024-12-17 21:20:28,095 - GimnasioApp - INFO - Pagos cargados: [(1, 'DEMO CLIENTE', 500.0, '2024-12-12', 1), (2, 'JUAN MARTINEZ', 500.0, '2024-12-12', 1)]
2024-12-17 21:20:28,103 - GimnasioApp - INFO - Inicializando la ventana de Gestión de Contratos
2024-12-17 21:20:28,110 - GimnasioApp - INFO - Mostrando Tabla de Usuarios
2024-12-17 21:21:00,432 - GimnasioApp - INFO - Saliendo del Sistema
2024-12-17 21:21:02,185 - GimnasioApp - INFO - Iniciando la APP
2024-12-17 21:21:02,185 - GimnasioApp - INFO - Base de datos inicializada correctamente
2024-12-17 21:21:06,206 - GimnasioApp - INFO - Iniciando Dashboard con rol: Administrador
2024-12-17 21:21:06,208 - GimnasioApp - INFO - Mostrando Tabla Clientes Clientes...
2024-12-17 21:21:06,211 - GimnasioApp - INFO - Mostrando Tabla de planes
2024-12-17 21:21:06,214 - GimnasioApp - INFO - Usuario actual registrado en la sesión: admin
2024-12-17 21:21:06,215 - GimnasioApp - INFO - Mostrando Tabla de pagos
2024-12-17 21:21:06,215 - GimnasioApp - INFO - Búsqueda Cliente: 
2024-12-17 21:21:06,215 - GimnasioApp - INFO - Planes obtenidos: ['MENSUAL - $500.00', 'MEMBRESIA - $500.00']
2024-12-17 21:21:06,217 - GimnasioApp - INFO - Pagos cargados: [(1, 'DEMO CLIENTE', 500.0, '2024-12-12', 1), (2, 'JUAN MARTINEZ', 500.0, '2024-12-12', 1)]
2024-12-17 21:21:06,226 - GimnasioApp - INFO - Inicializando la ventana de Gestión de Contratos
2024-12-17 21:21:06,234 - GimnasioApp - INFO - Mostrando Tabla de Usuarios
2024-12-17 21:21:36,031 - GimnasioApp - INFO - Saliendo del Sistema
2024-12-17 21:21:37,817 - GimnasioApp - INFO - Iniciando la APP
2024-12-17 21:21:37,818 - GimnasioApp - INFO - Base de datos inicializada correctamente
2024-12-17 21:21:41,015 - GimnasioApp - INFO - Iniciando Dashboard con rol: Administrador
2024-12-17 21:21:41,017 - GimnasioApp - INFO - Mostrando Tabla Clientes Clientes...
2024-12-17 21:21:41,020 - GimnasioApp - INFO - Mostrando Tabla de planes
2024-12-17 21:21:41,022 - GimnasioApp - INFO - Usuario actual registrado en la sesión: admin
2024-12-17 21:21:41,023 - GimnasioApp - INFO - Mostrando Tabla de pagos
2024-12-17 21:21:41,023 - GimnasioApp - INFO - Búsqueda Cliente: 
2024-12-17 21:21:41,023 - GimnasioApp - INFO - Planes obtenidos: ['MENSUAL - $500.00', 'MEMBRESIA - $500.00']
2024-12-17 21:21:41,024 - GimnasioApp - INFO - Pagos cargados: [(1, 'DEMO CLIENTE', 500.0, '2024-12-12', 1), (2, 'JUAN MARTINEZ', 500.0, '2024-12-12', 1)]
2024-12-17 21:21:41,032 - GimnasioApp - INFO - Inicializando la ventana de Gestión de Contratos
2024-12-17 21:21:41,041 - GimnasioApp - INFO - Mostrando Tabla de Usuarios
2024-12-17 21:22:15,910 - GimnasioApp - INFO - Saliendo del Sistema
2024-12-17 21:22:17,357 - GimnasioApp - INFO - Iniciando la APP
2024-12-17 21:22:17,357 - GimnasioApp - INFO - Base de datos inicializada correctamente
2024-12-17 21:22:21,032 - GimnasioApp - INFO - Iniciando Dashboard con rol: Administrador
2024-12-17 21:22:21,034 - GimnasioApp - INFO - Mostrando Tabla Clientes Clientes...
2024-12-17 21:22:21,037 - GimnasioApp - INFO - Mostrando Tabla de planes
2024-12-17 21:22:21,039 - GimnasioApp - INFO - Usuario actual registrado en la sesión: admin
2024-12-17 21:22:21,040 - GimnasioApp - INFO - Mostrando Tabla de pagos
2024-12-17 21:22:21,040 - GimnasioApp - INFO - Búsqueda Cliente: 
2024-12-17 21:22:21,040 - GimnasioApp - INFO - Planes obtenidos: ['MENSUAL - $500.00', 'MEMBRESIA - $500.00']
2024-12-17 21:22:21,042 - GimnasioApp - INFO - Pagos cargados: [(1, 'DEMO CLIENTE', 500.0, '2024-12-12', 1), (2, 'JUAN MARTINEZ', 500.0, '2024-12-12', 1)]
2024-12-17 21:22:21,047 - GimnasioApp - INFO - Inicializando la ventana de Gestión de Contratos
2024-12-17 21:22:21,055 - GimnasioApp - INFO - Mostrando Tabla de Usuarios
2024-12-17 21:24:09,964 - GimnasioApp - INFO - Saliendo del Sistema
2024-12-17 21:24:12,061 - GimnasioApp - INFO - Iniciando la APP
2024-12-17 21:24:12,061 - GimnasioApp - INFO - Base de datos inicializada correctamente
2024-12-17 21:24:16,002 - GimnasioApp - INFO - Iniciando Dashboard con rol: Administrador
2024-12-17 21:24:16,003 - GimnasioApp - INFO - Mostrando Tabla Clientes Clientes...
2024-12-17 21:24:16,006 - GimnasioApp - INFO - Mostrando Tabla de planes
2024-12-17 21:24:16,009 - GimnasioApp - INFO - Usuario actual registrado en la sesión: admin
2024-12-17 21:24:16,010 - GimnasioApp - INFO - Mostrando Tabla de pagos
2024-12-17 21:24:16,010 - GimnasioApp - INFO - Búsqueda Cliente: 
2024-12-17 21:24:16,010 - GimnasioApp - INFO - Planes obtenidos: ['MENSUAL - $500.00', 'MEMBRESIA - $500.00']
2024-12-17 21:24:16,012 - GimnasioApp - INFO - Pagos cargados: [(1, 'DEMO CLIENTE', 500.0, '2024-12-12', 1), (2, 'JUAN MARTINEZ', 500.0, '2024-12-12', 1)]
2024-12-17 21:24:16,021 - GimnasioApp - INFO - Inicializando la ventana de Gestión de Contratos
2024-12-17 21:24:16,030 - GimnasioApp - INFO - Mostrando Tabla de Usuarios
2024-12-17 21:24:50,811 - GimnasioApp - INFO - Saliendo del Sistema
2024-12-17 21:24:52,398 - GimnasioApp - INFO - Iniciando la APP
2024-12-17 21:24:52,398 - GimnasioApp - INFO - Base de datos inicializada correctamente
2024-12-17 21:24:57,059 - GimnasioApp - INFO - Iniciando Dashboard con rol: Administrador
2024-12-17 21:24:57,061 - GimnasioApp - INFO - Mostrando Tabla Clientes Clientes...
2024-12-17 21:24:57,064 - GimnasioApp - INFO - Mostrando Tabla de planes
2024-12-17 21:24:57,066 - GimnasioApp - INFO - Usuario actual registrado en la sesión: admin
2024-12-17 21:24:57,067 - GimnasioApp - INFO - Mostrando Tabla de pagos
2024-12-17 21:24:57,067 - GimnasioApp - INFO - Búsqueda Cliente: 
2024-12-17 21:24:57,068 - GimnasioApp - INFO - Planes obtenidos: ['MENSUAL - $500.00', 'MEMBRESIA - $500.00']
2024-12-17 21:24:57,069 - GimnasioApp - INFO - Pagos cargados: [(1, 'DEMO CLIENTE', 500.0, '2024-12-12', 1), (2, 'JUAN MARTINEZ', 500.0, '2024-12-12', 1)]
2024-12-17 21:24:57,076 - GimnasioApp - INFO - Inicializando la ventana de Gestión de Contratos
2024-12-17 21:24:57,084 - GimnasioApp - INFO - Mostrando Tabla de Usuarios
2024-12-17 21:25:14,163 - GimnasioApp - INFO - Saliendo del Sistema
2024-12-17 21:25:15,775 - GimnasioApp - INFO - Iniciando la APP
2024-12-17 21:25:15,775 - GimnasioApp - INFO - Base de datos inicializada correctamente
2024-12-17 21:25:19,243 - GimnasioApp - INFO - Iniciando Dashboard con rol: Administrador
2024-12-17 21:25:19,245 - GimnasioApp - INFO - Mostrando Tabla Clientes Clientes...
2024-12-17 21:25:19,248 - GimnasioApp - INFO - Mostrando Tabla de planes
2024-12-17 21:25:19,251 - GimnasioApp - INFO - Usuario actual registrado en la sesión: admin
2024-12-17 21:25:19,252 - GimnasioApp - INFO - Mostrando Tabla de pagos
2024-12-17 21:25:19,252 - GimnasioApp - INFO - Búsqueda Cliente: 
2024-12-17 21:25:19,252 - GimnasioApp - INFO - Planes obtenidos: ['MENSUAL - $500.00', 'MEMBRESIA - $500.00']
2024-12-17 21:25:19,253 - GimnasioApp - INFO - Pagos cargados: [(1, 'DEMO CLIENTE', 500.0, '2024-12-12', 1), (2, 'JUAN MARTINEZ', 500.0, '2024-12-12', 1)]
2024-12-17 21:25:19,259 - GimnasioApp - INFO - Inicializando la ventana de Gestión de Contratos
2024-12-17 21:25:19,266 - GimnasioApp - INFO - Mostrando Tabla de Usuarios
2024-12-17 21:25:48,339 - GimnasioApp - INFO - Saliendo del Sistema
2024-12-17 21:25:49,847 - GimnasioApp - INFO - Iniciando la APP
2024-12-17 21:25:49,847 - GimnasioApp - INFO - Base de datos inicializada correctamente
2024-12-17 21:25:53,315 - GimnasioApp - INFO - Iniciando Dashboard con rol: Administrador
2024-12-17 21:25:53,317 - GimnasioApp - INFO - Mostrando Tabla Clientes Clientes...
2024-12-17 21:25:53,320 - GimnasioApp - INFO - Mostrando Tabla de planes
2024-12-17 21:25:53,322 - GimnasioApp - INFO - Usuario actual registrado en la sesión: admin
2024-12-17 21:25:53,323 - GimnasioApp - INFO - Mostrando Tabla de pagos
2024-12-17 21:25:53,323 - GimnasioApp - INFO - Búsqueda Cliente: 
2024-12-17 21:25:53,323 - GimnasioApp - INFO - Planes obtenidos: ['MENSUAL - $500.00', 'MEMBRESIA - $500.00']
2024-12-17 21:25:53,324 - GimnasioApp - INFO - Pagos cargados: [(1, 'DEMO CLIENTE', 500.0, '2024-12-12', 1), (2, 'JUAN MARTINEZ', 500.0, '2024-12-12', 1)]
2024-12-17 21:25:53,331 - GimnasioApp - INFO - Inicializando la ventana de Gestión de Contratos
2024-12-17 21:25:53,338 - GimnasioApp - INFO - Mostrando Tabla de Usuarios
2024-12-17 21:26:13,274 - GimnasioApp - INFO - Saliendo del Sistema
2024-12-17 21:26:14,688 - GimnasioApp - INFO - Iniciando la APP
2024-12-17 21:26:14,688 - GimnasioApp - INFO - Base de datos inicializada correctamente
2024-12-17 21:26:18,012 - GimnasioApp - INFO - Iniciando Dashboard con rol: Administrador
2024-12-17 21:26:18,014 - GimnasioApp - INFO - Mostrando Tabla Clientes Clientes...
2024-12-17 21:26:18,018 - GimnasioApp - INFO - Mostrando Tabla de planes
2024-12-17 21:26:18,020 - GimnasioApp - INFO - Usuario actual registrado en la sesión: admin
2024-12-17 21:26:18,021 - GimnasioApp - INFO - Mostrando Tabla de pagos
2024-12-17 21:26:18,021 - GimnasioApp - INFO - Búsqueda Cliente: 
2024-12-17 21:26:18,021 - GimnasioApp - INFO - Planes obtenidos: ['MENSUAL - $500.00', 'MEMBRESIA - $500.00']
2024-12-17 21:26:18,022 - GimnasioApp - INFO - Pagos cargados: [(1, 'DEMO CLIENTE', 500.0, '2024-12-12', 1), (2, 'JUAN MARTINEZ', 500.0, '2024-12-12', 1)]
2024-12-17 21:26:18,028 - GimnasioApp - INFO - Inicializando la ventana de Gestión de Contratos
2024-12-17 21:26:18,034 - GimnasioApp - INFO - Mostrando Tabla de Usuarios
2024-12-17 21:26:41,135 - GimnasioApp - INFO - Saliendo del Sistema
2024-12-17 21:26:44,112 - GimnasioApp - INFO - Iniciando la APP
2024-12-17 21:26:44,112 - GimnasioApp - INFO - Base de datos inicializada correctamente
2024-12-17 21:26:47,436 - GimnasioApp - INFO - Iniciando Dashboard con rol: Administrador
2024-12-17 21:26:47,439 - GimnasioApp - INFO - Mostrando Tabla Clientes Clientes...
2024-12-17 21:26:47,443 - GimnasioApp - INFO - Mostrando Tabla de planes
2024-12-17 21:26:47,446 - GimnasioApp - INFO - Usuario actual registrado en la sesión: admin
2024-12-17 21:26:47,447 - GimnasioApp - INFO - Mostrando Tabla de pagos
2024-12-17 21:26:47,447 - GimnasioApp - INFO - Búsqueda Cliente: 
2024-12-17 21:26:47,448 - GimnasioApp - INFO - Planes obtenidos: ['MENSUAL - $500.00', 'MEMBRESIA - $500.00']
2024-12-17 21:26:47,450 - GimnasioApp - INFO - Pagos cargados: [(1, 'DEMO CLIENTE', 500.0, '2024-12-12', 1), (2, 'JUAN MARTINEZ', 500.0, '2024-12-12', 1)]
2024-12-17 21:26:47,458 - GimnasioApp - INFO - Inicializando la ventana de Gestión de Contratos
2024-12-17 21:26:47,468 - GimnasioApp - INFO - Mostrando Tabla de Usuarios
2024-12-17 21:27:10,640 - GimnasioApp - INFO - Saliendo del Sistema
2024-12-17 21:27:12,159 - GimnasioApp - INFO - Iniciando la APP
2024-12-17 21:27:12,159 - GimnasioApp - INFO - Base de datos inicializada correctamente
2024-12-17 21:27:15,101 - GimnasioApp - INFO - Iniciando Dashboard con rol: Administrador
2024-12-17 21:27:15,102 - GimnasioApp - INFO - Mostrando Tabla Clientes Clientes...
2024-12-17 21:27:15,106 - GimnasioApp - INFO - Mostrando Tabla de planes
2024-12-17 21:27:15,108 - GimnasioApp - INFO - Usuario actual registrado en la sesión: admin
2024-12-17 21:27:15,109 - GimnasioApp - INFO - Mostrando Tabla de pagos
2024-12-17 21:27:15,109 - GimnasioApp - INFO - Búsqueda Cliente: 
2024-12-17 21:27:15,109 - GimnasioApp - INFO - Planes obtenidos: ['MENSUAL - $500.00', 'MEMBRESIA - $500.00']
2024-12-17 21:27:15,111 - GimnasioApp - INFO - Pagos cargados: [(1, 'DEMO CLIENTE', 500.0, '2024-12-12', 1), (2, 'JUAN MARTINEZ', 500.0, '2024-12-12', 1)]
2024-12-17 21:27:15,119 - GimnasioApp - INFO - Inicializando la ventana de Gestión de Contratos
2024-12-17 21:27:15,126 - GimnasioApp - INFO - Mostrando Tabla de Usuarios
2024-12-17 21:27:36,515 - GimnasioApp - INFO - Saliendo del Sistema
2024-12-17 21:27:38,018 - GimnasioApp - INFO - Iniciando la APP
2024-12-17 21:27:38,018 - GimnasioApp - INFO - Base de datos inicializada correctamente
2024-12-17 21:27:44,270 - GimnasioApp - INFO - Iniciando Dashboard con rol: Administrador
2024-12-17 21:27:44,272 - GimnasioApp - INFO - Mostrando Tabla Clientes Clientes...
2024-12-17 21:27:44,276 - GimnasioApp - INFO - Mostrando Tabla de planes
2024-12-17 21:27:44,278 - GimnasioApp - INFO - Usuario actual registrado en la sesión: admin
2024-12-17 21:27:44,279 - GimnasioApp - INFO - Mostrando Tabla de pagos
2024-12-17 21:27:44,280 - GimnasioApp - INFO - Búsqueda Cliente: 
2024-12-17 21:27:44,280 - GimnasioApp - INFO - Planes obtenidos: ['MENSUAL - $500.00', 'MEMBRESIA - $500.00']
2024-12-17 21:27:44,282 - GimnasioApp - INFO - Pagos cargados: [(1, 'DEMO CLIENTE', 500.0, '2024-12-12', 1), (2, 'JUAN MARTINEZ', 500.0, '2024-12-12', 1)]
2024-12-17 21:27:44,291 - GimnasioApp - INFO - Inicializando la ventana de Gestión de Contratos
2024-12-17 21:27:44,299 - GimnasioApp - INFO - Mostrando Tabla de Usuarios
2024-12-17 21:27:59,932 - GimnasioApp - INFO - Saliendo del Sistema
2024-12-17 21:28:01,251 - GimnasioApp - INFO - Iniciando la APP
2024-12-17 21:28:01,251 - GimnasioApp - INFO - Base de datos inicializada correctamente
2024-12-17 21:28:04,206 - GimnasioApp - INFO - Iniciando Dashboard con rol: Administrador
2024-12-17 21:28:04,208 - GimnasioApp - INFO - Mostrando Tabla Clientes Clientes...
2024-12-17 21:28:04,211 - GimnasioApp - INFO - Mostrando Tabla de planes
2024-12-17 21:28:04,213 - GimnasioApp - INFO - Usuario actual registrado en la sesión: admin
2024-12-17 21:28:04,214 - GimnasioApp - INFO - Mostrando Tabla de pagos
2024-12-17 21:28:04,215 - GimnasioApp - INFO - Búsqueda Cliente: 
2024-12-17 21:28:04,215 - GimnasioApp - INFO - Planes obtenidos: ['MENSUAL - $500.00', 'MEMBRESIA - $500.00']
2024-12-17 21:28:04,216 - GimnasioApp - INFO - Pagos cargados: [(1, 'DEMO CLIENTE', 500.0, '2024-12-12', 1), (2, 'JUAN MARTINEZ', 500.0, '2024-12-12', 1)]
2024-12-17 21:28:04,222 - GimnasioApp - INFO - Inicializando la ventana de Gestión de Contratos
2024-12-17 21:28:04,228 - GimnasioApp - INFO - Mostrando Tabla de Usuarios
2024-12-17 21:28:22,724 - GimnasioApp - INFO - Saliendo del Sistema
2024-12-17 21:28:24,000 - GimnasioApp - INFO - Iniciando la APP
2024-12-17 21:28:24,001 - GimnasioApp - INFO - Base de datos inicializada correctamente
2024-12-17 21:28:28,142 - GimnasioApp - INFO - Iniciando Dashboard con rol: Administrador
2024-12-17 21:28:28,144 - GimnasioApp - INFO - Mostrando Tabla Clientes Clientes...
2024-12-17 21:28:28,148 - GimnasioApp - INFO - Mostrando Tabla de planes
2024-12-17 21:28:28,151 - GimnasioApp - INFO - Usuario actual registrado en la sesión: admin
2024-12-17 21:28:28,152 - GimnasioApp - INFO - Mostrando Tabla de pagos
2024-12-17 21:28:28,152 - GimnasioApp - INFO - Búsqueda Cliente: 
2024-12-17 21:28:28,153 - GimnasioApp - INFO - Planes obtenidos: ['MENSUAL - $500.00', 'MEMBRESIA - $500.00']
2024-12-17 21:28:28,154 - GimnasioApp - INFO - Pagos cargados: [(1, 'DEMO CLIENTE', 500.0, '2024-12-12', 1), (2, 'JUAN MARTINEZ', 500.0, '2024-12-12', 1)]
2024-12-17 21:28:28,159 - GimnasioApp - INFO - Inicializando la ventana de Gestión de Contratos
2024-12-17 21:28:28,165 - GimnasioApp - INFO - Mostrando Tabla de Usuarios
2024-12-17 21:28:42,201 - GimnasioApp - INFO - Saliendo del Sistema
2024-12-17 21:28:43,513 - GimnasioApp - INFO - Iniciando la APP
2024-12-17 21:28:43,513 - GimnasioApp - INFO - Base de datos inicializada correctamente
2024-12-17 21:28:46,727 - GimnasioApp - INFO - Iniciando Dashboard con rol: Administrador
2024-12-17 21:28:46,729 - GimnasioApp - INFO - Mostrando Tabla Clientes Clientes...
2024-12-17 21:28:46,733 - GimnasioApp - INFO - Mostrando Tabla de planes
2024-12-17 21:28:46,736 - GimnasioApp - INFO - Usuario actual registrado en la sesión: admin
2024-12-17 21:28:46,737 - GimnasioApp - INFO - Mostrando Tabla de pagos
2024-12-17 21:28:46,737 - GimnasioApp - INFO - Búsqueda Cliente: 
2024-12-17 21:28:46,738 - GimnasioApp - INFO - Planes obtenidos: ['MENSUAL - $500.00', 'MEMBRESIA - $500.00']
2024-12-17 21:28:46,739 - GimnasioApp - INFO - Pagos cargados: [(1, 'DEMO CLIENTE', 500.0, '2024-12-12', 1), (2, 'JUAN MARTINEZ', 500.0, '2024-12-12', 1)]
2024-12-17 21:28:46,747 - GimnasioApp - INFO - Inicializando la ventana de Gestión de Contratos
2024-12-17 21:28:46,753 - GimnasioApp - INFO - Mostrando Tabla de Usuarios
2024-12-17 21:30:04,020 - GimnasioApp - INFO - Saliendo del Sistema
2024-12-17 21:30:06,497 - GimnasioApp - INFO - Iniciando la APP
2024-12-17 21:30:06,497 - GimnasioApp - INFO - Base de datos inicializada correctamente
2024-12-17 21:30:09,704 - GimnasioApp - INFO - Iniciando Dashboard con rol: Administrador
2024-12-17 21:30:09,706 - GimnasioApp - INFO - Mostrando Tabla Clientes Clientes...
2024-12-17 21:30:09,709 - GimnasioApp - INFO - Mostrando Tabla de planes
2024-12-17 21:30:09,712 - GimnasioApp - INFO - Usuario actual registrado en la sesión: admin
2024-12-17 21:30:09,713 - GimnasioApp - INFO - Mostrando Tabla de pagos
2024-12-17 21:30:09,713 - GimnasioApp - INFO - Búsqueda Cliente: 
2024-12-17 21:30:09,714 - GimnasioApp - INFO - Planes obtenidos: ['MENSUAL - $500.00', 'MEMBRESIA - $500.00']
2024-12-17 21:30:09,715 - GimnasioApp - INFO - Pagos cargados: [(1, 'DEMO CLIENTE', 500.0, '2024-12-12', 1), (2, 'JUAN MARTINEZ', 500.0, '2024-12-12', 1)]
2024-12-17 21:30:09,721 - GimnasioApp - INFO - Inicializando la ventana de Gestión de Contratos
2024-12-17 21:30:09,727 - GimnasioApp - INFO - Mostrando Tabla de Usuarios
2024-12-17 21:50:14,972 - GimnasioApp - INFO - Saliendo del Sistema
2024-12-17 21:50:18,388 - GimnasioApp - INFO - Iniciando la APP
2024-12-17 21:50:18,388 - GimnasioApp - INFO - Base de datos inicializada correctamente
2024-12-17 21:50:39,669 - GimnasioApp - INFO - Iniciando Dashboard con rol: Administrador
2024-12-17 21:50:39,671 - GimnasioApp - INFO - Mostrando Tabla Clientes Clientes...
2024-12-17 21:50:39,675 - GimnasioApp - INFO - Mostrando Tabla de planes
2024-12-17 21:50:39,677 - GimnasioApp - INFO - Usuario actual registrado en la sesión: admin
2024-12-17 21:50:39,678 - GimnasioApp - INFO - Mostrando Tabla de pagos
2024-12-17 21:50:39,678 - GimnasioApp - INFO - Búsqueda Cliente: 
2024-12-17 21:50:39,678 - GimnasioApp - INFO - Planes obtenidos: ['MENSUAL - $500.00', 'MEMBRESIA - $500.00', 'SEMESTRAL - $2700.00', 'ANUAL - $4700.00']
2024-12-17 21:50:39,679 - GimnasioApp - INFO - Pagos cargados: [(1, 'DEMO CLIENTE', 500.0, '2024-12-12', 1), (2, 'JUAN MARTINEZ', 500.0, '2024-12-12', 1)]
2024-12-17 21:50:39,685 - GimnasioApp - INFO - Inicializando la ventana de Gestión de Contratos
2024-12-17 21:50:39,691 - GimnasioApp - INFO - Mostrando Tabla de Usuarios
2024-12-17 21:51:31,537 - GimnasioApp - INFO - Saliendo del Sistema
2024-12-17 21:51:33,042 - GimnasioApp - INFO - Iniciando la APP
2024-12-17 21:51:33,042 - GimnasioApp - INFO - Base de datos inicializada correctamente
2024-12-17 21:51:37,782 - GimnasioApp - INFO - Iniciando Dashboard con rol: Administrador
2024-12-17 21:51:37,784 - GimnasioApp - INFO - Mostrando Tabla Clientes Clientes...
2024-12-17 21:51:37,787 - GimnasioApp - INFO - Mostrando Tabla de planes
2024-12-17 21:51:37,790 - GimnasioApp - INFO - Usuario actual registrado en la sesión: admin
2024-12-17 21:51:37,791 - GimnasioApp - INFO - Mostrando Tabla de pagos
2024-12-17 21:51:37,791 - GimnasioApp - INFO - Búsqueda Cliente: 
2024-12-17 21:51:37,791 - GimnasioApp - INFO - Planes obtenidos: ['MENSUAL - $500.00', 'MEMBRESIA - $500.00', 'SEMESTRAL - $2700.00', 'ANUAL - $4700.00']
2024-12-17 21:51:37,792 - GimnasioApp - INFO - Pagos cargados: [(1, 'DEMO CLIENTE', 500.0, '2024-12-12', 1), (2, 'JUAN MARTINEZ', 500.0, '2024-12-12', 1)]
2024-12-17 21:51:37,798 - GimnasioApp - INFO - Inicializando la ventana de Gestión de Contratos
2024-12-17 21:51:37,805 - GimnasioApp - INFO - Mostrando Tabla de Usuarios
2024-12-17 21:52:07,714 - GimnasioApp - INFO - Iniciando la APP
2024-12-17 21:52:07,714 - GimnasioApp - INFO - Base de datos inicializada correctamente
2024-12-17 21:52:34,511 - GimnasioApp - INFO - Iniciando Dashboard con rol: Administrador
2024-12-17 21:52:34,513 - GimnasioApp - INFO - Mostrando Tabla Clientes Clientes...
2024-12-17 21:52:34,516 - GimnasioApp - INFO - Mostrando Tabla de planes
2024-12-17 21:52:34,518 - GimnasioApp - INFO - Usuario actual registrado en la sesión: admin
2024-12-17 21:52:34,519 - GimnasioApp - INFO - Mostrando Tabla de pagos
2024-12-17 21:52:34,519 - GimnasioApp - INFO - Búsqueda Cliente: 
2024-12-17 21:52:34,520 - GimnasioApp - INFO - Planes obtenidos: ['MENSUAL - $500.00', 'MEMBRESIA - $500.00', 'SEMESTRAL - $2700.00', 'ANUAL - $4700.00']
2024-12-17 21:52:34,521 - GimnasioApp - INFO - Pagos cargados: [(1, 'DEMO CLIENTE', 500.0, '2024-12-12', 1), (2, 'JUAN MARTINEZ', 500.0, '2024-12-12', 1)]
2024-12-17 21:52:34,527 - GimnasioApp - INFO - Inicializando la ventana de Gestión de Contratos
2024-12-17 21:52:34,534 - GimnasioApp - INFO - Mostrando Tabla de Usuarios
2024-12-17 22:09:06,624 - PIL.PngImagePlugin - DEBUG - STREAM b'IHDR' 16 13
2024-12-17 22:09:06,624 - PIL.PngImagePlugin - DEBUG - STREAM b'IDAT' 41 1565
2024-12-17 22:10:00,401 - GimnasioApp - INFO - Ticket generado para el pago: 1
2024-12-17 22:10:59,333 - GimnasioApp - INFO - Pagos obtenidos: []
2024-12-17 22:10:59,333 - GimnasioApp - INFO - Movimientos obtenidos: [('ENTRADA', 2000.0, 'Fondo de caja', '2024-12-17 20:55:54'), ('SALIDA', 4000.0, 'PAgo entrenador', '2024-12-17 20:56:39')]
2024-12-17 22:10:59,364 - PIL.PngImagePlugin - DEBUG - STREAM b'IHDR' 16 13
2024-12-17 22:10:59,364 - PIL.PngImagePlugin - DEBUG - STREAM b'IDAT' 41 760
2024-12-17 22:11:00,793 - GimnasioApp - INFO - Corte de caja generado por Admin: Desde 2024-12-17 Hasta 2024-12-17
2024-12-17 22:16:30,608 - GimnasioApp - INFO - Gestión de Contratos mostrada correctamente.
2024-12-17 22:17:12,105 - PIL.PngImagePlugin - DEBUG - STREAM b'IHDR' 16 13
2024-12-17 22:17:12,105 - PIL.PngImagePlugin - DEBUG - STREAM b'pHYs' 41 9
2024-12-17 22:17:12,105 - PIL.PngImagePlugin - DEBUG - STREAM b'IDAT' 62 680
